SF:lib\core\errors\exceptions.dart
DA:6,8
DA:8,0
DA:9,0
DA:14,8
DA:19,0
DA:24,8
DA:28,0
DA:32,3
DA:37,0
LF:9
LH:4
end_of_record
SF:lib\core\errors\failures.dart
DA:8,9
DA:10,0
DA:11,0
DA:16,4
DA:20,0
DA:25,10
DA:29,0
DA:33,0
DA:38,0
LF:9
LH:3
end_of_record
SF:lib\data\repositories\auth_repository_impl.dart
DA:15,1
DA:20,0
DA:29,0
DA:37,0
DA:38,0
DA:39,0
DA:40,0
DA:41,0
DA:42,0
DA:46,1
DA:49,2
DA:50,2
DA:51,2
DA:53,1
DA:54,3
DA:55,0
DA:56,0
DA:57,0
DA:58,0
DA:62,1
DA:65,2
DA:69,0
DA:70,0
DA:71,0
DA:72,0
DA:73,0
DA:74,0
DA:75,0
DA:76,0
DA:77,0
DA:78,0
DA:79,0
DA:83,0
DA:92,0
DA:96,0
DA:105,0
DA:106,0
DA:107,0
DA:108,0
DA:109,0
DA:110,0
DA:111,0
DA:112,0
DA:113,0
DA:114,0
DA:115,0
DA:119,0
DA:122,0
DA:124,0
DA:125,0
DA:129,0
DA:132,0
DA:133,0
DA:134,0
LF:54
LH:9
end_of_record
SF:lib\data\datasources\auth_remote_datasource.dart
DA:38,0
DA:40,0
DA:48,0
DA:49,0
DA:51,0
DA:52,0
DA:53,0
DA:54,0
DA:64,0
DA:66,0
DA:67,0
DA:68,0
DA:69,0
DA:71,0
DA:75,0
DA:77,0
DA:78,0
DA:79,0
DA:80,0
DA:86,0
DA:87,0
DA:88,0
DA:89,0
DA:90,0
DA:92,0
DA:96,0
DA:98,0
DA:99,0
DA:100,0
DA:102,0
DA:106,0
DA:107,0
DA:108,0
DA:110,0
DA:113,0
DA:117,0
DA:126,0
DA:127,0
DA:128,0
DA:129,0
DA:130,0
DA:140,0
DA:144,0
DA:145,0
DA:146,0
DA:148,0
DA:150,0
DA:153,0
DA:155,0
DA:157,0
DA:159,0
DA:160,0
DA:162,0
LF:53
LH:0
end_of_record
SF:lib\data\datasources\auth_local_datasource.dart
DA:23,0
DA:28,0
DA:31,0
DA:33,0
DA:37,0
DA:40,0
DA:42,0
DA:46,0
DA:49,0
DA:51,0
DA:55,0
DA:58,0
DA:60,0
DA:64,0
DA:67,0
DA:69,0
DA:73,0
DA:76,0
DA:77,0
DA:79,0
LF:20
LH:0
end_of_record
SF:lib\data\datasources\consistency_remote_datasource.dart
DA:20,0
DA:22,0
DA:24,0
DA:25,0
DA:26,0
DA:27,0
DA:29,0
DA:32,0
DA:34,0
DA:35,0
DA:37,0
DA:38,0
DA:39,0
DA:40,0
DA:43,0
DA:47,0
DA:49,0
DA:50,0
DA:52,0
DA:53,0
DA:58,0
DA:59,0
DA:61,0
DA:63,0
DA:66,0
DA:68,0
DA:69,0
DA:70,0
DA:71,0
DA:74,0
DA:78,0
DA:80,0
DA:81,0
DA:82,0
DA:84,0
DA:88,0
DA:89,0
DA:90,0
DA:93,0
LF:39
LH:0
end_of_record
SF:lib\presentation\blocs\auth\auth_state.dart
DA:6,1
DA:8,1
DA:9,1
DA:19,1
DA:21,1
DA:22,2
DA:30,1
DA:32,1
DA:33,2
LF:9
LH:9
end_of_record
SF:lib\presentation\blocs\auth\auth_event.dart
DA:6,5
DA:8,0
DA:9,0
DA:21,4
DA:29,0
DA:30,0
DA:37,4
DA:39,0
DA:40,0
DA:50,0
DA:56,0
DA:57,0
DA:63,1
DA:65,0
DA:66,0
LF:15
LH:4
end_of_record
SF:lib\presentation\blocs\auth\auth_bloc.dart
DA:33,1
DA:41,2
DA:42,2
DA:43,2
DA:44,2
DA:45,2
DA:46,2
DA:47,2
DA:48,2
DA:51,0
DA:52,0
DA:53,0
DA:55,0
DA:56,0
DA:57,0
DA:58,0
DA:60,0
DA:61,0
DA:65,0
DA:69,1
DA:70,2
DA:71,2
DA:72,1
DA:73,1
DA:74,1
DA:75,1
DA:76,1
DA:78,1
DA:79,4
DA:80,3
DA:84,1
DA:85,2
DA:86,4
DA:87,1
DA:88,4
DA:89,1
DA:90,2
DA:91,1
DA:92,0
DA:93,1
DA:95,1
DA:96,2
DA:103,0
DA:104,0
DA:105,0
DA:106,0
DA:107,0
DA:108,0
DA:112,0
DA:113,0
DA:114,0
DA:115,0
DA:117,0
DA:118,0
DA:120,0
DA:121,0
DA:122,0
DA:124,0
DA:126,0
DA:127,0
DA:128,0
DA:130,0
DA:136,1
DA:137,2
DA:138,2
DA:140,1
DA:141,0
DA:144,4
DA:145,3
DA:146,1
DA:147,0
DA:148,1
DA:149,1
DA:160,0
DA:161,0
DA:162,0
DA:163,0
DA:164,0
DA:165,0
DA:169,1
DA:170,1
DA:171,1
DA:172,1
DA:173,1
DA:174,0
DA:175,1
DA:176,1
DA:177,0
DA:178,0
DA:179,0
DA:180,0
DA:181,0
DA:182,0
DA:189,1
DA:190,2
DA:191,1
DA:192,2
LF:97
LH:51
end_of_record
SF:lib\presentation\blocs\consistency\consistency_state.dart
DA:6,0
DA:8,0
DA:9,0
DA:21,0
DA:27,0
DA:28,0
DA:30,0
DA:35,0
DA:36,0
DA:37,0
DA:38,0
DA:46,0
DA:48,0
DA:49,0
LF:14
LH:0
end_of_record
SF:lib\presentation\blocs\consistency\consistency_bloc.dart
DA:19,0
DA:23,0
DA:24,0
DA:25,0
DA:26,0
DA:27,0
DA:30,0
DA:31,0
DA:33,0
DA:34,0
DA:40,0
DA:41,0
DA:42,0
DA:44,0
DA:45,0
DA:46,0
DA:50,0
DA:52,0
DA:60,0
DA:62,0
DA:63,0
DA:66,0
DA:67,0
DA:68,0
DA:69,0
DA:70,0
DA:71,0
DA:72,0
DA:74,0
DA:80,0
DA:82,0
DA:83,0
DA:86,0
DA:87,0
DA:88,0
DA:89,0
DA:90,0
DA:91,0
DA:92,0
DA:94,0
DA:100,0
DA:102,0
DA:103,0
DA:106,0
DA:107,0
DA:108,0
DA:109,0
DA:110,0
DA:111,0
DA:112,0
DA:114,0
DA:121,0
DA:122,0
DA:123,0
DA:124,0
DA:125,0
DA:126,0
DA:127,0
DA:128,0
DA:129,0
DA:130,0
LF:61
LH:0
end_of_record
SF:lib\presentation\blocs\consistency\consistency_event.dart
DA:6,0
DA:8,0
DA:9,0
DA:20,0
DA:22,0
DA:23,0
LF:6
LH:0
end_of_record
SF:lib\data\models\user_model.dart
DA:10,0
DA:22,0
DA:23,0
LF:3
LH:0
end_of_record
SF:lib\data\models\user_model.g.dart
DA:9,0
DA:10,0
DA:11,0
DA:12,0
DA:13,0
DA:14,0
DA:16,0
DA:17,0
DA:19,0
DA:20,0
DA:21,0
DA:22,0
DA:24,0
DA:25,0
DA:27,0
DA:30,0
DA:31,0
DA:32,0
DA:33,0
DA:34,0
DA:35,0
DA:36,0
DA:37,0
DA:38,0
DA:39,0
LF:25
LH:0
end_of_record
SF:lib\data\models\consistency_model.dart
DA:132,0
DA:140,0
DA:141,0
DA:143,0
DA:144,0
DA:145,0
DA:146,0
DA:147,0
DA:148,0
DA:149,0
DA:152,0
DA:153,0
DA:154,0
DA:155,0
DA:156,0
DA:172,1
DA:182,0
DA:183,0
DA:185,0
DA:186,0
DA:187,0
DA:188,0
DA:189,0
DA:190,0
DA:191,0
DA:192,0
DA:193,0
DA:196,1
DA:197,1
DA:198,1
DA:199,1
DA:200,1
DA:201,1
DA:202,3
DA:213,0
DA:219,0
DA:220,0
DA:222,0
DA:223,0
DA:224,0
DA:225,0
DA:226,0
DA:229,0
DA:230,0
DA:231,0
DA:232,0
DA:233,0
LF:47
LH:8
end_of_record
SF:lib\data\models\consistency_model.g.dart
DA:9,0
DA:11,0
DA:12,0
DA:13,0
DA:14,0
DA:15,0
DA:16,0
DA:19,0
DA:21,0
DA:22,0
DA:23,0
DA:24,0
DA:25,0
DA:26,0
DA:29,0
DA:31,0
DA:32,0
DA:33,0
DA:34,0
DA:35,0
DA:36,0
DA:37,0
DA:38,0
DA:39,0
DA:40,0
DA:43,0
DA:45,0
DA:46,0
DA:47,0
DA:48,0
DA:49,0
DA:50,0
DA:51,0
DA:52,0
DA:55,0
DA:56,0
DA:57,0
DA:58,0
DA:59,0
DA:61,0
DA:64,0
DA:65,0
DA:66,0
DA:67,0
DA:68,0
LF:45
LH:0
end_of_record
SF:lib\domain\entities\consistency.dart
DA:11,0
DA:18,0
DA:19,0
DA:20,0
DA:21,0
DA:22,0
DA:23,0
DA:34,1
DA:42,0
DA:43,0
DA:44,0
DA:45,0
DA:46,0
DA:47,0
DA:48,0
DA:57,0
DA:63,0
DA:64,0
DA:65,0
DA:66,0
DA:67,0
LF:21
LH:1
end_of_record
SF:lib\domain\entities\user.dart
DA:16,1
DA:28,1
DA:29,1
DA:30,1
DA:31,1
DA:32,1
DA:33,1
DA:34,1
DA:35,1
DA:36,1
DA:37,1
DA:38,1
DA:41,0
DA:52,0
DA:53,0
DA:54,0
DA:55,0
DA:56,0
DA:57,0
DA:58,0
DA:59,0
DA:60,0
DA:61,0
LF:23
LH:12
end_of_record
SF:lib\domain\usecases\auth\get_user_profile.dart
DA:11,0
DA:13,0
DA:14,0
LF:3
LH:0
end_of_record
SF:lib\domain\usecases\auth\login_user.dart
DA:10,0
DA:12,0
DA:13,0
LF:3
LH:0
end_of_record
SF:lib\domain\usecases\auth\logout_user.dart
DA:10,0
DA:12,0
DA:13,0
LF:3
LH:0
end_of_record
SF:lib\domain\usecases\auth\register_user.dart
DA:10,0
DA:12,0
DA:19,0
LF:3
LH:0
end_of_record
SF:lib\domain\usecases\auth\update_user_profile.dart
DA:10,0
DA:12,0
DA:19,0
LF:3
LH:0
end_of_record
SF:lib\domain\usecases\consistency\get_consistency_history.dart
DA:11,0
DA:13,0
DA:17,0
LF:3
LH:0
end_of_record
SF:lib\domain\usecases\consistency\get_daily_consistency.dart
DA:11,0
DA:13,0
DA:14,0
LF:3
LH:0
end_of_record
SF:lib\domain\usecases\consistency\get_streaks.dart
DA:11,0
DA:13,0
DA:14,0
LF:3
LH:0
end_of_record
SF:lib\data\repositories\consistency_repository_impl.dart
DA:105,1
DA:110,1
DA:112,2
DA:116,1
DA:117,0
DA:118,0
DA:122,1
DA:124,1
DA:125,1
DA:126,2
DA:127,1
DA:129,2
DA:130,2
DA:131,1
DA:132,2
DA:133,3
DA:134,0
DA:135,0
DA:141,1
DA:143,1
DA:144,1
DA:145,0
DA:146,1
DA:148,2
DA:150,5
DA:151,0
DA:152,0
DA:153,0
DA:154,0
DA:155,0
DA:161,0
DA:163,0
DA:164,0
DA:165,0
DA:166,0
DA:168,0
DA:169,0
DA:170,0
DA:171,0
DA:172,0
DA:173,0
DA:174,0
LF:42
LH:20
end_of_record
